<?xml version="1.0" encoding="UTF-8"?>
<testsuite xmlns:xsi="http://www.w3.org/2001/XMLSchema-instance" xsi:noNamespaceSchemaLocation="https://maven.apache.org/surefire/maven-surefire-plugin/xsd/surefire-test-report-3.0.xsd" version="3.0" name="TestSuite" time="2.24" tests="1" errors="0" skipped="0" failures="0">
  <properties>
    <property name="java.specification.version" value="16"/>
    <property name="sun.cpu.isalist" value="amd64"/>
    <property name="sun.jnu.encoding" value="Cp1252"/>
    <property name="java.class.path" value="C:\SnehProjects\GitHubRepo\target\test-classes;C:\SnehProjects\GitHubRepo\target\classes;C:\Users\abhij\.m2\repository\org\testng\testng\7.3.0\testng-7.3.0.jar;C:\Users\abhij\.m2\repository\com\beust\jcommander\1.78\jcommander-1.78.jar;C:\Users\abhij\.m2\repository\org\apache\ant\ant\1.10.3\ant-1.10.3.jar;C:\Users\abhij\.m2\repository\org\apache\ant\ant-launcher\1.10.3\ant-launcher-1.10.3.jar;C:\Users\abhij\.m2\repository\junit\junit\4.12\junit-4.12.jar;C:\Users\abhij\.m2\repository\org\hamcrest\hamcrest-core\1.3\hamcrest-core-1.3.jar;C:\Users\abhij\.m2\repository\com\google\inject\guice\4.2.2\guice-4.2.2-no_aop.jar;C:\Users\abhij\.m2\repository\javax\inject\javax.inject\1\javax.inject-1.jar;C:\Users\abhij\.m2\repository\aopalliance\aopalliance\1.0\aopalliance-1.0.jar;C:\Users\abhij\.m2\repository\com\google\guava\guava\25.1-android\guava-25.1-android.jar;C:\Users\abhij\.m2\repository\com\google\code\findbugs\jsr305\3.0.2\jsr305-3.0.2.jar;C:\Users\abhij\.m2\repository\org\checkerframework\checker-compat-qual\2.0.0\checker-compat-qual-2.0.0.jar;C:\Users\abhij\.m2\repository\com\google\errorprone\error_prone_annotations\2.1.3\error_prone_annotations-2.1.3.jar;C:\Users\abhij\.m2\repository\com\google\j2objc\j2objc-annotations\1.1\j2objc-annotations-1.1.jar;C:\Users\abhij\.m2\repository\org\codehaus\mojo\animal-sniffer-annotations\1.14\animal-sniffer-annotations-1.14.jar;C:\Users\abhij\.m2\repository\org\yaml\snakeyaml\1.21\snakeyaml-1.21.jar;C:\Users\abhij\.m2\repository\org\apache\logging\log4j\log4j-api\2.14.1\log4j-api-2.14.1.jar;C:\Users\abhij\.m2\repository\org\apache\logging\log4j\log4j-core\2.14.1\log4j-core-2.14.1.jar;C:\Users\abhij\.m2\repository\org\json\json\20210307\json-20210307.jar;C:\Users\abhij\.m2\repository\com\fasterxml\jackson\core\jackson-databind\2.12.4\jackson-databind-2.12.4.jar;C:\Users\abhij\.m2\repository\com\fasterxml\jackson\core\jackson-annotations\2.12.4\jackson-annotations-2.12.4.jar;C:\Users\abhij\.m2\repository\com\fasterxml\jackson\core\jackson-core\2.12.4\jackson-core-2.12.4.jar;"/>
    <property name="java.vm.vendor" value="Oracle Corporation"/>
    <property name="sun.arch.data.model" value="64"/>
    <property name="user.variant" value=""/>
    <property name="java.vendor.url" value="https://java.oracle.com/"/>
    <property name="user.timezone" value="Europe/Amsterdam"/>
    <property name="os.name" value="Windows 10"/>
    <property name="java.vm.specification.version" value="16"/>
    <property name="sun.java.launcher" value="SUN_STANDARD"/>
    <property name="user.country" value="US"/>
    <property name="order" value="desc"/>
    <property name="sun.boot.library.path" value="C:\Program Files\Java\jdk-16.0.1\bin"/>
    <property name="sun.java.command" value="C:\Users\abhij\AppData\Local\Temp\surefire2475594753558676880\surefirebooter12012577719012293622.jar C:\Users\abhij\AppData\Local\Temp\surefire2475594753558676880 2021-09-25T20-49-35_736-jvmRun1 surefire10500841415608030457tmp surefire_02046833507456242835tmp"/>
    <property name="jdk.debug" value="release"/>
    <property name="surefire.test.class.path" value="C:\SnehProjects\GitHubRepo\target\test-classes;C:\SnehProjects\GitHubRepo\target\classes;C:\Users\abhij\.m2\repository\org\testng\testng\7.3.0\testng-7.3.0.jar;C:\Users\abhij\.m2\repository\com\beust\jcommander\1.78\jcommander-1.78.jar;C:\Users\abhij\.m2\repository\org\apache\ant\ant\1.10.3\ant-1.10.3.jar;C:\Users\abhij\.m2\repository\org\apache\ant\ant-launcher\1.10.3\ant-launcher-1.10.3.jar;C:\Users\abhij\.m2\repository\junit\junit\4.12\junit-4.12.jar;C:\Users\abhij\.m2\repository\org\hamcrest\hamcrest-core\1.3\hamcrest-core-1.3.jar;C:\Users\abhij\.m2\repository\com\google\inject\guice\4.2.2\guice-4.2.2-no_aop.jar;C:\Users\abhij\.m2\repository\javax\inject\javax.inject\1\javax.inject-1.jar;C:\Users\abhij\.m2\repository\aopalliance\aopalliance\1.0\aopalliance-1.0.jar;C:\Users\abhij\.m2\repository\com\google\guava\guava\25.1-android\guava-25.1-android.jar;C:\Users\abhij\.m2\repository\com\google\code\findbugs\jsr305\3.0.2\jsr305-3.0.2.jar;C:\Users\abhij\.m2\repository\org\checkerframework\checker-compat-qual\2.0.0\checker-compat-qual-2.0.0.jar;C:\Users\abhij\.m2\repository\com\google\errorprone\error_prone_annotations\2.1.3\error_prone_annotations-2.1.3.jar;C:\Users\abhij\.m2\repository\com\google\j2objc\j2objc-annotations\1.1\j2objc-annotations-1.1.jar;C:\Users\abhij\.m2\repository\org\codehaus\mojo\animal-sniffer-annotations\1.14\animal-sniffer-annotations-1.14.jar;C:\Users\abhij\.m2\repository\org\yaml\snakeyaml\1.21\snakeyaml-1.21.jar;C:\Users\abhij\.m2\repository\org\apache\logging\log4j\log4j-api\2.14.1\log4j-api-2.14.1.jar;C:\Users\abhij\.m2\repository\org\apache\logging\log4j\log4j-core\2.14.1\log4j-core-2.14.1.jar;C:\Users\abhij\.m2\repository\org\json\json\20210307\json-20210307.jar;C:\Users\abhij\.m2\repository\com\fasterxml\jackson\core\jackson-databind\2.12.4\jackson-databind-2.12.4.jar;C:\Users\abhij\.m2\repository\com\fasterxml\jackson\core\jackson-annotations\2.12.4\jackson-annotations-2.12.4.jar;C:\Users\abhij\.m2\repository\com\fasterxml\jackson\core\jackson-core\2.12.4\jackson-core-2.12.4.jar;"/>
    <property name="sun.cpu.endian" value="little"/>
    <property name="user.home" value="C:\Users\abhij"/>
    <property name="query" value="HotelBookingapi_apifram"/>
    <property name="user.language" value="en"/>
    <property name="java.specification.vendor" value="Oracle Corporation"/>
    <property name="sort" value="stars"/>
    <property name="java.version.date" value="2021-04-20"/>
    <property name="java.home" value="C:\Program Files\Java\jdk-16.0.1"/>
    <property name="file.separator" value="\"/>
    <property name="basedir" value="C:\SnehProjects\GitHubRepo"/>
    <property name="java.vm.compressedOopsMode" value="Zero based"/>
    <property name="line.separator" value="&#10;"/>
    <property name="java.vm.specification.vendor" value="Oracle Corporation"/>
    <property name="java.specification.name" value="Java Platform API Specification"/>
    <property name="surefire.real.class.path" value="C:\Users\abhij\AppData\Local\Temp\surefire2475594753558676880\surefirebooter12012577719012293622.jar"/>
    <property name="user.script" value=""/>
    <property name="sun.management.compiler" value="HotSpot 64-Bit Tiered Compilers"/>
    <property name="java.runtime.version" value="16.0.1+9-24"/>
    <property name="user.name" value="abhij"/>
    <property name="path.separator" value=";"/>
    <property name="os.version" value="10.0"/>
    <property name="java.runtime.name" value="Java(TM) SE Runtime Environment"/>
    <property name="file.encoding" value="Cp1252"/>
    <property name="java.vm.name" value="Java HotSpot(TM) 64-Bit Server VM"/>
    <property name="localRepository" value="C:\Users\abhij\.m2\repository"/>
    <property name="java.vendor.url.bug" value="https://bugreport.java.com/bugreport/"/>
    <property name="java.io.tmpdir" value="C:\Users\abhij\AppData\Local\Temp\"/>
    <property name="java.version" value="16.0.1"/>
    <property name="user.dir" value="C:\SnehProjects\GitHubRepo"/>
    <property name="os.arch" value="amd64"/>
    <property name="java.vm.specification.name" value="Java Virtual Machine Specification"/>
    <property name="sun.os.patch.level" value=""/>
    <property name="java.library.path" value="C:\Program Files\Java\jdk-16.0.1\bin;C:\Windows\Sun\Java\bin;C:\Windows\system32;C:\Windows;C:\Program Files\Common Files\Oracle\Java\javapath;C:\Windows\system32;C:\Windows;C:\Windows\System32\Wbem;C:\Windows\System32\WindowsPowerShell\v1.0\;C:\Windows\System32\OpenSSH\;C:\Program Files\Java\jdk-15.0.2\bin;C:\Program Files\Git\cmd;C:\Program Files\nodejs\;C:\Program Files\Docker\Docker\resources\bin;C:\ProgramData\DockerDesktop\version-bin;C:\Program Files\apache-maven-3.8.2\bin;C:\Users\abhij\AppData\Local\Programs\Python\Python39\Scripts\;C:\Users\abhij\AppData\Local\Programs\Python\Python39\;C:\Users\abhij\AppData\Local\Microsoft\WindowsApps;C:\Users\abhij\AppData\Roaming\npm;C:\Program Files\apache-maven-3.8.2\bin;;."/>
    <property name="java.vm.info" value="mixed mode, sharing"/>
    <property name="java.vendor" value="Oracle Corporation"/>
    <property name="java.vm.version" value="16.0.1+9-24"/>
    <property name="sun.io.unicode.encoding" value="UnicodeLittle"/>
    <property name="java.class.version" value="60.0"/>
  </properties>
  <testcase name="restapi" classname="tests.GitHubAPITest" time="1.395">
    <system-out><![CDATA[Query +++++++++++++++++++++++++  : HotelBookingapi_apifram
200
Response: {"total_count":1,"incomplete_results":false,"items":[{"id":396331625,"node_id":"MDEwOlJlcG9zaXRvcnkzOTYzMzE2MjU=","name":"HotelBookingAPI_APIFramework","full_name":"snehal-QA/HotelBookingAPI_APIFramework","private":false,"owner":{"login":"snehal-QA","id":26931801,"node_id":"MDQ6VXNlcjI2OTMxODAx","avatar_url":"https://avatars.githubusercontent.com/u/26931801?v=4","gravatar_id":"","url":"https://api.github.com/users/snehal-QA","html_url":"https://github.com/snehal-QA","followers_url":"https://api.github.com/users/snehal-QA/followers","following_url":"https://api.github.com/users/snehal-QA/following{/other_user}","gists_url":"https://api.github.com/users/snehal-QA/gists{/gist_id}","starred_url":"https://api.github.com/users/snehal-QA/starred{/owner}{/repo}","subscriptions_url":"https://api.github.com/users/snehal-QA/subscriptions","organizations_url":"https://api.github.com/users/snehal-QA/orgs","repos_url":"https://api.github.com/users/snehal-QA/repos","events_url":"https://api.github.com/users/snehal-QA/events{/privacy}","received_events_url":"https://api.github.com/users/snehal-QA/received_events","type":"User","site_admin":false},"html_url":"https://github.com/snehal-QA/HotelBookingAPI_APIFramework","description":null,"fork":false,"url":"https://api.github.com/repos/snehal-QA/HotelBookingAPI_APIFramework","forks_url":"https://api.github.com/repos/snehal-QA/HotelBookingAPI_APIFramework/forks","keys_url":"https://api.github.com/repos/snehal-QA/HotelBookingAPI_APIFramework/keys{/key_id}","collaborators_url":"https://api.github.com/repos/snehal-QA/HotelBookingAPI_APIFramework/collaborators{/collaborator}","teams_url":"https://api.github.com/repos/snehal-QA/HotelBookingAPI_APIFramework/teams","hooks_url":"https://api.github.com/repos/snehal-QA/HotelBookingAPI_APIFramework/hooks","issue_events_url":"https://api.github.com/repos/snehal-QA/HotelBookingAPI_APIFramework/issues/events{/number}","events_url":"https://api.github.com/repos/snehal-QA/HotelBookingAPI_APIFramework/events","assignees_url":"https://api.github.com/repos/snehal-QA/HotelBookingAPI_APIFramework/assignees{/user}","branches_url":"https://api.github.com/repos/snehal-QA/HotelBookingAPI_APIFramework/branches{/branch}","tags_url":"https://api.github.com/repos/snehal-QA/HotelBookingAPI_APIFramework/tags","blobs_url":"https://api.github.com/repos/snehal-QA/HotelBookingAPI_APIFramework/git/blobs{/sha}","git_tags_url":"https://api.github.com/repos/snehal-QA/HotelBookingAPI_APIFramework/git/tags{/sha}","git_refs_url":"https://api.github.com/repos/snehal-QA/HotelBookingAPI_APIFramework/git/refs{/sha}","trees_url":"https://api.github.com/repos/snehal-QA/HotelBookingAPI_APIFramework/git/trees{/sha}","statuses_url":"https://api.github.com/repos/snehal-QA/HotelBookingAPI_APIFramework/statuses/{sha}","languages_url":"https://api.github.com/repos/snehal-QA/HotelBookingAPI_APIFramework/languages","stargazers_url":"https://api.github.com/repos/snehal-QA/HotelBookingAPI_APIFramework/stargazers","contributors_url":"https://api.github.com/repos/snehal-QA/HotelBookingAPI_APIFramework/contributors","subscribers_url":"https://api.github.com/repos/snehal-QA/HotelBookingAPI_APIFramework/subscribers","subscription_url":"https://api.github.com/repos/snehal-QA/HotelBookingAPI_APIFramework/subscription","commits_url":"https://api.github.com/repos/snehal-QA/HotelBookingAPI_APIFramework/commits{/sha}","git_commits_url":"https://api.github.com/repos/snehal-QA/HotelBookingAPI_APIFramework/git/commits{/sha}","comments_url":"https://api.github.com/repos/snehal-QA/HotelBookingAPI_APIFramework/comments{/number}","issue_comment_url":"https://api.github.com/repos/snehal-QA/HotelBookingAPI_APIFramework/issues/comments{/number}","contents_url":"https://api.github.com/repos/snehal-QA/HotelBookingAPI_APIFramework/contents/{+path}","compare_url":"https://api.github.com/repos/snehal-QA/HotelBookingAPI_APIFramework/compare/{base}...{head}","merges_url":"https://api.github.com/repos/snehal-QA/HotelBookingAPI_APIFramework/merges","archive_url":"https://api.github.com/repos/snehal-QA/HotelBookingAPI_APIFramework/{archive_format}{/ref}","downloads_url":"https://api.github.com/repos/snehal-QA/HotelBookingAPI_APIFramework/downloads","issues_url":"https://api.github.com/repos/snehal-QA/HotelBookingAPI_APIFramework/issues{/number}","pulls_url":"https://api.github.com/repos/snehal-QA/HotelBookingAPI_APIFramework/pulls{/number}","milestones_url":"https://api.github.com/repos/snehal-QA/HotelBookingAPI_APIFramework/milestones{/number}","notifications_url":"https://api.github.com/repos/snehal-QA/HotelBookingAPI_APIFramework/notifications{?since,all,participating}","labels_url":"https://api.github.com/repos/snehal-QA/HotelBookingAPI_APIFramework/labels{/name}","releases_url":"https://api.github.com/repos/snehal-QA/HotelBookingAPI_APIFramework/releases{/id}","deployments_url":"https://api.github.com/repos/snehal-QA/HotelBookingAPI_APIFramework/deployments","created_at":"2021-08-15T11:40:36Z","updated_at":"2021-08-20T19:37:25Z","pushed_at":"2021-08-20T19:37:22Z","git_url":"git://github.com/snehal-QA/HotelBookingAPI_APIFramework.git","ssh_url":"git@github.com:snehal-QA/HotelBookingAPI_APIFramework.git","clone_url":"https://github.com/snehal-QA/HotelBookingAPI_APIFramework.git","svn_url":"https://github.com/snehal-QA/HotelBookingAPI_APIFramework","homepage":null,"size":716,"stargazers_count":0,"watchers_count":0,"language":"Java","has_issues":true,"has_projects":true,"has_downloads":true,"has_wiki":true,"has_pages":false,"forks_count":0,"mirror_url":null,"archived":false,"disabled":false,"open_issues_count":0,"license":null,"allow_forking":true,"forks":0,"open_issues":0,"watchers":0,"default_branch":"main","score":1.0}]}
]]></system-out>
  </testcase>
</testsuite>