<?xml version="1.0" encoding="UTF-8"?>
<!-- Generated by org.testng.reporters.JUnitReportReporter -->
<testsuite hostname="AbhiSneh" failures="0" tests="1" name="utilities.testAPI" time="2.196" errors="0" timestamp="2021-09-24T20:35:29 CEST" skipped="0">
  <testcase classname="utilities.testAPI" name="restapi" time="2.196"/>
  <system-out/>
</testsuite> <!-- utilities.testAPI -->
