<?xml version="1.0" encoding="UTF-8"?>
<!-- Generated by org.testng.reporters.JUnitReportReporter -->
<testsuite hostname="AbhiSneh" failures="0" tests="1" name="testAPI" time="2.448" errors="0" timestamp="2021-09-24T20:13:25 CEST" skipped="0">
  <testcase classname="testAPI" name="restapi" time="2.448"/>
  <system-out/>
</testsuite> <!-- testAPI -->
