<?xml version="1.0" encoding="UTF-8"?>
<!-- Generated by org.testng.reporters.JUnitReportReporter -->
<testsuite hostname="AbhiSneh" failures="0" tests="1" name="tests.GitHubAPITest" time="1.341" errors="0" timestamp="2021-09-25T20:49:39 CEST" skipped="0">
  <testcase classname="tests.GitHubAPITest" name="restapi" time="1.341"/>
  <system-out/>
</testsuite> <!-- tests.GitHubAPITest -->
